<?xml version="1.0" encoding="UTF-8"?>
<!-- Generated by org.testng.reporters.JUnitReportReporter -->
<testsuite hostname="DESKTOP-C9AATUT" failures="0" tests="2" name="TestNG.ImplicitWait" time="16.099" errors="0" timestamp="2022-07-11T10:30:54 IST" skipped="0">
  <testcase classname="TestNG.ImplicitWait" name="testcase2" time="10.595"/>
  <system-out/>
  <testcase classname="TestNG.ImplicitWait" name="alerthandle" time="5.504"/>
  <system-out/>
</testsuite> <!-- TestNG.ImplicitWait -->
