<?xml version="1.0" encoding="UTF-8"?>
<!-- Generated by org.testng.reporters.JUnitReportReporter -->
<testsuite hostname="DESKTOP-C9AATUT" failures="0" tests="2" name="com.Parameter.Dataprovider" time="6.043" errors="0" timestamp="2022-07-06T05:50:32 IST" skipped="0">
  <testcase classname="com.Parameter.Dataprovider" name="signupPage" time="3.541"/>
  <system-out/>
  <testcase classname="com.Parameter.Dataprovider" name="signupPage" time="2.502"/>
  <system-out/>
</testsuite> <!-- com.Parameter.Dataprovider -->
