<?xml version="1.0" encoding="UTF-8"?>
<!-- Generated by org.testng.reporters.JUnitReportReporter -->
<testsuite hostname="DESKTOP-C9AATUT" failures="0" tests="3" name="TestNG.Flipkart" time="43.881" errors="0" timestamp="2022-07-04T11:07:22 IST" skipped="0">
  <testcase classname="TestNG.Flipkart" name="Searchvalidate" time="4.737"/>
  <system-out/>
  <testcase classname="TestNG.Flipkart" name="validatenextTab" time="35.095"/>
  <system-out/>
  <testcase classname="TestNG.Flipkart" name="Loginpage" time="4.049"/>
  <system-out/>
</testsuite> <!-- TestNG.Flipkart -->
