<?xml version="1.0" encoding="UTF-8"?>
<!-- Generated by org.testng.reporters.JUnitReportReporter -->
<testsuite hostname="DESKTOP-C9AATUT" failures="0" tests="5" name="com.Parameter.Dataproviderdemo1" time="52.340" errors="0" timestamp="2022-07-09T11:24:12 IST" skipped="0">
  <testcase classname="com.Parameter.Dataproviderdemo1" name="calculateFD" time="15.052"/>
  <system-out/>
  <testcase classname="com.Parameter.Dataproviderdemo1" name="calculateFD" time="7.932"/>
  <system-out/>
  <testcase classname="com.Parameter.Dataproviderdemo1" name="calculateFD" time="17.946"/>
  <system-out/>
  <testcase classname="com.Parameter.Dataproviderdemo1" name="calculateFD" time="5.772"/>
  <system-out/>
  <testcase classname="com.Parameter.Dataproviderdemo1" name="calculateFD" time="5.638"/>
  <system-out/>
</testsuite> <!-- com.Parameter.Dataproviderdemo1 -->
