<?xml version="1.0" encoding="UTF-8"?>
<!-- Generated by org.testng.reporters.JUnitReportReporter -->
<testsuite hostname="DESKTOP-C9AATUT" failures="0" tests="3" name="TestNG.GroupAtribute" time="16.718" errors="0" timestamp="2022-07-08T21:31:11 IST" skipped="0">
  <testcase classname="TestNG.GroupAtribute" name="verifySupport" time="3.231"/>
  <system-out/>
  <testcase classname="TestNG.GroupAtribute" name="verifyDocumentation" time="1.191"/>
  <system-out/>
  <testcase classname="TestNG.GroupAtribute" name="VerifyProjects" time="12.296"/>
  <system-out/>
</testsuite> <!-- TestNG.GroupAtribute -->
