<?xml version="1.0" encoding="UTF-8"?>
<!-- Generated by org.testng.reporters.JUnitReportReporter -->
<testsuite hostname="DESKTOP-C9AATUT" failures="0" tests="1" name="TestNG.Paralleltest" time="28.034" errors="0" timestamp="2022-07-11T10:30:54 IST" skipped="0">
  <testcase classname="TestNG.Paralleltest" name="homepageTitle" time="28.034"/>
  <system-out/>
</testsuite> <!-- TestNG.Paralleltest -->
