<?xml version="1.0" encoding="UTF-8"?>
<!-- Generated by org.testng.reporters.JUnitReportReporter -->
<testsuite hostname="DESKTOP-C9AATUT" failures="0" tests="4" name="TestNG.Logintest" time="20.879" errors="0" timestamp="2022-07-03T07:21:49 IST" skipped="0">
  <testcase classname="TestNG.Logintest" name="VerifyTitlepage" time="0.102"/>
  <system-out/>
  <testcase classname="TestNG.Logintest" name="logiTest" time="8.356"/>
  <system-out/>
  <testcase classname="TestNG.Logintest" name="logiTest" time="12.398"/>
  <system-out/>
  <testcase classname="TestNG.Logintest" name="VerifyTitlepage" time="0.023"/>
  <system-out/>
</testsuite> <!-- TestNG.Logintest -->
