<?xml version="1.0" encoding="UTF-8"?>
<!-- Generated by org.testng.reporters.JUnitReportReporter -->
<testsuite hostname="DESKTOP-C9AATUT" failures="0" tests="2" name="TestNG.NewTest1" time="0.128" errors="0" timestamp="2022-07-02T11:04:37 IST" skipped="0">
  <testcase classname="TestNG.NewTest1" name="testcase2" time="0.002"/>
  <system-out/>
  <testcase classname="TestNG.NewTest1" name="testcase1" time="0.126"/>
  <system-out/>
</testsuite> <!-- TestNG.NewTest1 -->
