<?xml version="1.0" encoding="UTF-8"?>
<!-- Generated by org.testng.reporters.JUnitReportReporter -->
<testsuite hostname="DESKTOP-C9AATUT" failures="0" tests="1" name="pageObjectModel.VolunteerPage" time="6.991" errors="0" timestamp="2022-07-12T08:52:09 IST" skipped="0">
  <testcase classname="pageObjectModel.VolunteerPage" name="Signup" time="6.991"/>
  <system-out/>
</testsuite> <!-- pageObjectModel.VolunteerPage -->
